Release 14.1 - xst P.15xf (nt64)
Copyright (c) 1995-2012 Xilinx, Inc.  All rights reserved.
--> Parameter TMPDIR set to xst/projnav.tmp


Total REAL time to Xst completion: 1.00 secs
Total CPU time to Xst completion: 0.07 secs
 
--> Parameter xsthdpdir set to xst


Total REAL time to Xst completion: 1.00 secs
Total CPU time to Xst completion: 0.07 secs
 
--> Reading design: registro.prj

TABLE OF CONTENTS
  1) Synthesis Options Summary
  2) HDL Compilation
  3) Design Hierarchy Analysis
  4) HDL Analysis
  5) HDL Synthesis
     5.1) HDL Synthesis Report
  6) Advanced HDL Synthesis
     6.1) Advanced HDL Synthesis Report
  7) Low Level Synthesis
  8) Partition Report
  9) Final Report
	9.1) Device utilization summary
	9.2) Partition Resource Summary
	9.3) TIMING REPORT


=========================================================================
*                      Synthesis Options Summary                        *
=========================================================================
---- Source Parameters
Input File Name                    : "registro.prj"
Input Format                       : mixed
Ignore Synthesis Constraint File   : NO

---- Target Parameters
Output File Name                   : "registro"
Output Format                      : NGC
Target Device                      : xc3s1000-5-ft256

---- Source Options
Top Module Name                    : registro
Automatic FSM Extraction           : YES
FSM Encoding Algorithm             : Auto
Safe Implementation                : No
FSM Style                          : LUT
RAM Extraction                     : Yes
RAM Style                          : Auto
ROM Extraction                     : Yes
Mux Style                          : Auto
Decoder Extraction                 : YES
Priority Encoder Extraction        : Yes
Shift Register Extraction          : YES
Logical Shifter Extraction         : YES
XOR Collapsing                     : YES
ROM Style                          : Auto
Mux Extraction                     : Yes
Resource Sharing                   : YES
Asynchronous To Synchronous        : NO
Multiplier Style                   : Auto
Automatic Register Balancing       : No

---- Target Options
Add IO Buffers                     : YES
Global Maximum Fanout              : 500
Add Generic Clock Buffer(BUFG)     : 8
Register Duplication               : YES
Slice Packing                      : YES
Optimize Instantiated Primitives   : NO
Use Clock Enable                   : Yes
Use Synchronous Set                : Yes
Use Synchronous Reset              : Yes
Pack IO Registers into IOBs        : Auto
Equivalent register Removal        : YES

---- General Options
Optimization Goal                  : Speed
Optimization Effort                : 1
Keep Hierarchy                     : No
Netlist Hierarchy                  : As_Optimized
RTL Output                         : Yes
Global Optimization                : AllClockNets
Read Cores                         : YES
Write Timing Constraints           : NO
Cross Clock Analysis               : NO
Hierarchy Separator                : /
Bus Delimiter                      : <>
Case Specifier                     : Maintain
Slice Utilization Ratio            : 100
BRAM Utilization Ratio             : 100
Verilog 2001                       : YES
Auto BRAM Packing                  : NO
Slice Utilization Ratio Delta      : 5

=========================================================================


=========================================================================
*                          HDL Compilation                              *
=========================================================================
Compiling vhdl file "C:/hlocal/proyecto/PracticaTeclado/teclado.vhd" in Library work.
Entity <conversor> compiled.
Entity <conversor> (Architecture <behavioral>) compiled.
Compiling vhdl file "C:/hlocal/proyecto/PracticaTeclado/registro.vhd" in Library work.
Architecture estructural of Entity registro is up to date.

=========================================================================
*                     Design Hierarchy Analysis                         *
=========================================================================
Analyzing hierarchy for entity <registro> in library <work> (architecture <estructural>).

Analyzing hierarchy for entity <conversor> in library <work> (architecture <behavioral>).


=========================================================================
*                            HDL Analysis                               *
=========================================================================
Analyzing Entity <registro> in library <work> (Architecture <estructural>).
Entity <registro> analyzed. Unit <registro> generated.

Analyzing Entity <conversor> in library <work> (Architecture <behavioral>).
Entity <conversor> analyzed. Unit <conversor> generated.


=========================================================================
*                           HDL Synthesis                               *
=========================================================================

Performing bidirectional port resolution...

Synthesizing Unit <conversor>.
    Related source file is "C:/hlocal/proyecto/PracticaTeclado/teclado.vhd".
Unit <conversor> synthesized.


Synthesizing Unit <registro>.
    Related source file is "C:/hlocal/proyecto/PracticaTeclado/registro.vhd".
WARNING:Xst:647 - Input <reset> is never used. This port will be preserved and left unconnected if it belongs to a top-level block or it belongs to a sub-block and the hierarchy of this sub-block is preserved.
WARNING:Xst:646 - Signal <F<10>> is assigned but never used. This unconnected signal will be trimmed during the optimization process.
    Found 11-bit register for signal <F>.
    Summary:
	inferred  11 D-type flip-flop(s).
Unit <registro> synthesized.


=========================================================================
HDL Synthesis Report

Macro Statistics
# Registers                                            : 1
 11-bit register                                       : 1

=========================================================================

=========================================================================
*                       Advanced HDL Synthesis                          *
=========================================================================

WARNING:Xst:2677 - Node <F_10> of sequential type is unconnected in block <registro>.
WARNING:Xst:2677 - Node <F_10> of sequential type is unconnected in block <registro>.

=========================================================================
Advanced HDL Synthesis Report

Macro Statistics
# Registers                                            : 10
 Flip-Flops                                            : 10

=========================================================================

=========================================================================
*                         Low Level Synthesis                           *
=========================================================================

Optimizing unit <registro> ...

Mapping all equations...
Building and optimizing final netlist ...
Found area constraint ratio of 100 (+ 5) on block registro, actual ratio is 0.
FlipFlop F_3 has been replicated 1 time(s)
FlipFlop F_4 has been replicated 1 time(s)
FlipFlop F_5 has been replicated 1 time(s)
FlipFlop F_6 has been replicated 1 time(s)
FlipFlop F_7 has been replicated 1 time(s)
FlipFlop F_8 has been replicated 1 time(s)

Final Macro Processing ...

Processing Unit <registro> :
	Found 3-bit shift register for signal <F_2>.
	Found 2-bit shift register for signal <F_9>.
Unit <registro> processed.

=========================================================================
Final Register Report

Macro Statistics
# Registers                                            : 11
 Flip-Flops                                            : 11
# Shift Registers                                      : 2
 2-bit shift register                                  : 1
 3-bit shift register                                  : 1

=========================================================================

=========================================================================
*                           Partition Report                            *
=========================================================================

Partition Implementation Status
-------------------------------

  No Partitions were found in this design.

-------------------------------

=========================================================================
*                            Final Report                               *
=========================================================================
Final Results
RTL Top Level Output File Name     : registro.ngr
Top Level Output File Name         : registro
Output Format                      : NGC
Optimization Goal                  : Speed
Keep Hierarchy                     : No

Design Statistics
# IOs                              : 10

Cell Usage :
# BELS                             : 72
#      GND                         : 1
#      LUT2                        : 7
#      LUT3                        : 8
#      LUT4                        : 46
#      MUXF5                       : 9
#      VCC                         : 1
# FlipFlops/Latches                : 13
#      FD                          : 13
# Shift Registers                  : 2
#      SRL16                       : 2
# Clock Buffers                    : 1
#      BUFGP                       : 1
# IO Buffers                       : 8
#      IBUF                        : 1
#      OBUF                        : 7
=========================================================================

Device utilization summary:
---------------------------

Selected Device : 3s1000ft256-5 

 Number of Slices:                       37  out of   7680     0%  
 Number of Slice Flip Flops:             13  out of  15360     0%  
 Number of 4 input LUTs:                 63  out of  15360     0%  
    Number used as logic:                61
    Number used as Shift registers:       2
 Number of IOs:                          10
 Number of bonded IOBs:                   9  out of    173     5%  
 Number of GCLKs:                         1  out of      8    12%  

---------------------------
Partition Resource Summary:
---------------------------

  No Partitions were found in this design.

---------------------------


=========================================================================
TIMING REPORT

NOTE: THESE TIMING NUMBERS ARE ONLY A SYNTHESIS ESTIMATE.
      FOR ACCURATE TIMING INFORMATION PLEASE REFER TO THE TRACE REPORT
      GENERATED AFTER PLACE-and-ROUTE.

Clock Information:
------------------
-----------------------------------+------------------------+-------+
Clock Signal                       | Clock buffer(FF name)  | Load  |
-----------------------------------+------------------------+-------+
PS2CLK                             | BUFGP                  | 15    |
-----------------------------------+------------------------+-------+

Asynchronous Control Signals Information:
----------------------------------------
No asynchronous control signals found in this design

Timing Summary:
---------------
Speed Grade: -5

   Minimum period: 2.956ns (Maximum Frequency: 338.295MHz)
   Minimum input arrival time before clock: 1.778ns
   Maximum output required time after clock: 14.197ns
   Maximum combinational path delay: No path found

Timing Detail:
--------------
All values displayed in nanoseconds (ns)

=========================================================================
Timing constraint: Default period analysis for Clock 'PS2CLK'
  Clock period: 2.956ns (frequency: 338.295MHz)
  Total number of paths / destination ports: 14 / 14
-------------------------------------------------------------------------
Delay:               2.956ns (Levels of Logic = 0)
  Source:            Mshreg_F_2 (FF)
  Destination:       F_2 (FF)
  Source Clock:      PS2CLK rising
  Destination Clock: PS2CLK rising

  Data Path: Mshreg_F_2 to F_2
                                Gate     Net
    Cell:in->out      fanout   Delay   Delay  Logical Name (Net Name)
    ----------------------------------------  ------------
     SRL16:CLK->Q          1   2.780   0.000  Mshreg_F_2 (Mshreg_F_2)
     FD:D                      0.176          F_2
    ----------------------------------------
    Total                      2.956ns (2.956ns logic, 0.000ns route)
                                       (100.0% logic, 0.0% route)

=========================================================================
Timing constraint: Default OFFSET IN BEFORE for Clock 'PS2CLK'
  Total number of paths / destination ports: 1 / 1
-------------------------------------------------------------------------
Offset:              1.778ns (Levels of Logic = 1)
  Source:            PS2DATA (PAD)
  Destination:       Mshreg_F_2 (FF)
  Destination Clock: PS2CLK rising

  Data Path: PS2DATA to Mshreg_F_2
                                Gate     Net
    Cell:in->out      fanout   Delay   Delay  Logical Name (Net Name)
    ----------------------------------------  ------------
     IBUF:I->O             1   0.715   0.681  PS2DATA_IBUF (PS2DATA_IBUF)
     SRL16:D                   0.382          Mshreg_F_2
    ----------------------------------------
    Total                      1.778ns (1.097ns logic, 0.681ns route)
                                       (61.7% logic, 38.3% route)

=========================================================================
Timing constraint: Default OFFSET OUT AFTER for Clock 'PS2CLK'
  Total number of paths / destination ports: 308 / 7
-------------------------------------------------------------------------
Offset:              14.197ns (Levels of Logic = 7)
  Source:            F_3 (FF)
  Destination:       displayout<0> (PAD)
  Source Clock:      PS2CLK rising

  Data Path: F_3 to displayout<0>
                                Gate     Net
    Cell:in->out      fanout   Delay   Delay  Logical Name (Net Name)
    ----------------------------------------  ------------
     FD:C->Q              22   0.626   1.655  F_3 (F_3)
     LUT2:I0->O            2   0.479   0.768  u/display_2_mux001031_SW0 (N50)
     LUT4:I3->O            2   0.479   0.745  u/display_2_mux001031 (N21)
     MUXF5:S->O            1   0.540   0.976  u/display_3_mux0011249_f5 (u/display_3_mux0011249)
     LUT4:I0->O            3   0.479   1.066  u/display_3_mux0011278 (N4)
     LUT4:I0->O            1   0.479   0.000  u/display_0_mux0013791 (u/display_0_mux001379)
     MUXF5:I1->O           1   0.314   0.681  u/display_0_mux001379_f5 (displayout_0_OBUF)
     OBUF:I->O                 4.909          displayout_0_OBUF (displayout<0>)
    ----------------------------------------
    Total                     14.197ns (8.305ns logic, 5.892ns route)
                                       (58.5% logic, 41.5% route)

=========================================================================


Total REAL time to Xst completion: 5.00 secs
Total CPU time to Xst completion: 4.22 secs
 
--> 

Total memory usage is 255512 kilobytes

Number of errors   :    0 (   0 filtered)
Number of warnings :    4 (   0 filtered)
Number of infos    :    0 (   0 filtered)

